<?xml version="1.0" encoding="UTF-8"?>
<!-- Generated by org.testng.reporters.JUnitXMLReporter -->
<testsuite hostname="ICPL11467" ignored="0" name="Test" tests="1" failures="1" timestamp="12 Jan 2018 07:45:52 GMT" time="272.902" errors="0">
  <testcase name="stepsFlow" time="267.724" classname="com.shopclues.steps.ShopCluesTest">
    <failure type="org.openqa.selenium.TimeoutException" message="Timed out after 100 seconds: Wait time out for product name in cart page to be present
Build info: version: &amp;apos;2.53.0&amp;apos;, revision: &amp;apos;35ae25b1534ae328c771e0856c93e187490ca824&amp;apos;, time: &amp;apos;2016-03-15 10:43:46&amp;apos;
System info: host: &amp;apos;ICPL11467&amp;apos;, ip: &amp;apos;10.11.31.193&amp;apos;, os.name: &amp;apos;Windows 10&amp;apos;, os.arch: &amp;apos;amd64&amp;apos;, os.version: &amp;apos;10.0&amp;apos;, java.version: &amp;apos;1.8.0_151&amp;apos;
Driver info: driver.version: unknown">
      <![CDATA[org.openqa.selenium.TimeoutException: Timed out after 100 seconds: Wait time out for product name in cart page to be present
Build info: version: '2.53.0', revision: '35ae25b1534ae328c771e0856c93e187490ca824', time: '2016-03-15 10:43:46'
System info: host: 'ICPL11467', ip: '10.11.31.193', os.name: 'Windows 10', os.arch: 'amd64', os.version: '10.0', java.version: '1.8.0_151'
Driver info: driver.version: unknown
	at org.openqa.selenium.support.ui.FluentWait.timeoutException(FluentWait.java:292)
	at org.openqa.selenium.support.ui.FluentWait.until(FluentWait.java:261)
	at com.qmetry.qaf.automation.ui.webdriver.QAFExtendedWebElement.waitForPresent(QAFExtendedWebElement.java:499)
	at com.shopclues.pages.CartTestPage.verifyCart(CartTestPage.java:46)
	at com.shopclues.steps.ShopCluesTest.stepsFlow(ShopCluesTest.java:41)
... Removed 25 stack frames]]>
    </failure>
  </testcase> <!-- stepsFlow -->
</testsuite> <!-- Test -->
